# JRE version: Java(TM) SE Runtime Environment Oracle GraalVM 17.0.12+8.1 (17.0.12+8) (build 17.0.12+8-LTS-jvmci-23.0-b41)
# Java VM: Java HotSpot(TM) 64-Bit Server VM Oracle GraalVM 17.0.12+8.1 (17.0.12+8-LTS-jvmci-23.0-b41, mixed mode, emulated-client, sharing, tiered, jvmci, jvmci compiler, compressed oops, compressed class ptrs, g1 gc, windows-amd64)
GC Precious Log:
 CPUs: 8 total, 8 available
 Memory: 8014M
 Large Page Support: Disabled
 NUMA Support: Disabled
 Compressed Oops: Enabled (32-bit)
 Heap Region Size: 1M
 Heap Min Capacity: 8M
 Heap Initial Capacity: 126M
 Heap Max Capacity: 2004M
 Pre-touch: Disabled
 Parallel Workers: 8
 Concurrent Workers: 2
 Concurrent Refinement Workers: 8
 Periodic GC: Disabled
Heap:
 garbage-first heap   total 219136K, used 87449K [0x0000000082c00000, 0x0000000100000000)
  region size 1024K, 19 young (19456K), 12 survivors (12288K)
 Metaspace       used 96569K, committed 97280K, reserved 1179648K
  class space    used 14183K, committed 14528K, reserved 1048576K
GC Heap History (20 events):
Event: 7.653 GC heap before
{Heap before GC invocations=15 (full 0):
 garbage-first heap   total 103424K, used 44522K [0x0000000082c00000, 0x0000000100000000)
  region size 1024K, 8 young (8192K), 5 survivors (5120K)
 Metaspace       used 59853K, committed 60416K, reserved 1114112K
  class space    used 8411K, committed 8704K, reserved 1048576K
}
Event: 7.657 GC heap after
{Heap after GC invocations=16 (full 0):
 garbage-first heap   total 103424K, used 42796K [0x0000000082c00000, 0x0000000100000000)
  region size 1024K, 4 young (4096K), 4 survivors (4096K)
 Metaspace       used 59853K, committed 60416K, reserved 1114112K
  class space    used 8411K, committed 8704K, reserved 1048576K
}
Event: 8.208 GC heap before
{Heap before GC invocations=17 (full 0):
 garbage-first heap   total 103424K, used 79660K [0x0000000082c00000, 0x0000000100000000)
  region size 1024K, 40 young (40960K), 4 survivors (4096K)
 Metaspace       used 67634K, committed 68224K, reserved 1114112K
  class space    used 9630K, committed 9920K, reserved 1048576K
}
Event: 8.213 GC heap after
{Heap after GC invocations=18 (full 0):
 garbage-first heap   total 103424K, used 44780K [0x0000000082c00000, 0x0000000100000000)
  region size 1024K, 3 young (3072K), 3 survivors (3072K)
 Metaspace       used 67634K, committed 68224K, reserved 1114112K
  class space    used 9630K, committed 9920K, reserved 1048576K
}
Event: 8.858 GC heap before
{Heap before GC invocations=18 (full 0):
 garbage-first heap   total 103424K, used 81644K [0x0000000082c00000, 0x0000000100000000)
  region size 1024K, 39 young (39936K), 3 survivors (3072K)
 Metaspace       used 73739K, committed 74304K, reserved 1114112K
  class space    used 10535K, committed 10816K, reserved 1048576K
}
Event: 8.862 GC heap after
{Heap after GC invocations=19 (full 0):
 garbage-first heap   total 103424K, used 46168K [0x0000000082c00000, 0x0000000100000000)
  region size 1024K, 4 young (4096K), 4 survivors (4096K)
 Metaspace       used 73739K, committed 74304K, reserved 1114112K
  class space    used 10535K, committed 10816K, reserved 1048576K
}
Event: 9.202 GC heap before
{Heap before GC invocations=19 (full 0):
 garbage-first heap   total 103424K, used 83032K [0x0000000082c00000, 0x0000000100000000)
  region size 1024K, 40 young (40960K), 4 survivors (4096K)
 Metaspace       used 78473K, committed 79104K, reserved 1179648K
  class space    used 11368K, committed 11648K, reserved 1048576K
}
Event: 9.207 GC heap after
{Heap after GC invocations=20 (full 0):
 garbage-first heap   total 103424K, used 49045K [0x0000000082c00000, 0x0000000100000000)
  region size 1024K, 5 young (5120K), 5 survivors (5120K)
 Metaspace       used 78473K, committed 79104K, reserved 1179648K
  class space    used 11368K, committed 11648K, reserved 1048576K
}
Event: 9.276 GC heap before
{Heap before GC invocations=20 (full 0):
 garbage-first heap   total 103424K, used 82837K [0x0000000082c00000, 0x0000000100000000)
  region size 1024K, 38 young (38912K), 5 survivors (5120K)
 Metaspace       used 78480K, committed 79104K, reserved 1179648K
  class space    used 11369K, committed 11648K, reserved 1048576K
}
Event: 9.282 GC heap after
{Heap after GC invocations=21 (full 0):
 garbage-first heap   total 103424K, used 52899K [0x0000000082c00000, 0x0000000100000000)
  region size 1024K, 5 young (5120K), 5 survivors (5120K)
 Metaspace       used 78480K, committed 79104K, reserved 1179648K
  class space    used 11369K, committed 11648K, reserved 1048576K
}
Event: 9.342 GC heap before
{Heap before GC invocations=21 (full 0):
 garbage-first heap   total 103424K, used 81571K [0x0000000082c00000, 0x0000000100000000)
  region size 1024K, 33 young (33792K), 5 survivors (5120K)
 Metaspace       used 78480K, committed 79104K, reserved 1179648K
  class space    used 11369K, committed 11648K, reserved 1048576K
}
Event: 9.350 GC heap after
{Heap after GC invocations=22 (full 0):
 garbage-first heap   total 103424K, used 62116K [0x0000000082c00000, 0x0000000100000000)
  region size 1024K, 5 young (5120K), 5 survivors (5120K)
 Metaspace       used 78480K, committed 79104K, reserved 1179648K
  class space    used 11369K, committed 11648K, reserved 1048576K
}
Event: 9.400 GC heap before
{Heap before GC invocations=22 (full 0):
 garbage-first heap   total 130048K, used 79524K [0x0000000082c00000, 0x0000000100000000)
  region size 1024K, 22 young (22528K), 5 survivors (5120K)
 Metaspace       used 78480K, committed 79104K, reserved 1179648K
  class space    used 11369K, committed 11648K, reserved 1048576K
}
Event: 9.409 GC heap after
{Heap after GC invocations=23 (full 0):
 garbage-first heap   total 219136K, used 65936K [0x0000000082c00000, 0x0000000100000000)
  region size 1024K, 3 young (3072K), 3 survivors (3072K)
 Metaspace       used 78480K, committed 79104K, reserved 1179648K
  class space    used 11369K, committed 11648K, reserved 1048576K
}
Event: 9.756 GC heap before
{Heap before GC invocations=24 (full 0):
 garbage-first heap   total 219136K, used 149904K [0x0000000082c00000, 0x0000000100000000)
  region size 1024K, 85 young (87040K), 3 survivors (3072K)
 Metaspace       used 81370K, committed 82048K, reserved 1179648K
  class space    used 11975K, committed 12288K, reserved 1048576K
}
Event: 9.763 GC heap after
{Heap after GC invocations=25 (full 0):
 garbage-first heap   total 219136K, used 69229K [0x0000000082c00000, 0x0000000100000000)
  region size 1024K, 7 young (7168K), 7 survivors (7168K)
 Metaspace       used 81370K, committed 82048K, reserved 1179648K
  class space    used 11975K, committed 12288K, reserved 1048576K
}
Event: 10.940 GC heap before
{Heap before GC invocations=25 (full 0):
 garbage-first heap   total 219136K, used 157293K [0x0000000082c00000, 0x0000000100000000)
  region size 1024K, 93 young (95232K), 7 survivors (7168K)
 Metaspace       used 87292K, committed 88000K, reserved 1179648K
  class space    used 12839K, committed 13184K, reserved 1048576K
}
Event: 10.950 GC heap after
{Heap after GC invocations=26 (full 0):
 garbage-first heap   total 219136K, used 74658K [0x0000000082c00000, 0x0000000100000000)
  region size 1024K, 12 young (12288K), 12 survivors (12288K)
 Metaspace       used 87292K, committed 88000K, reserved 1179648K
  class space    used 12839K, committed 13184K, reserved 1048576K
}
Event: 30.414 GC heap before
{Heap before GC invocations=26 (full 0):
 garbage-first heap   total 219136K, used 167842K [0x0000000082c00000, 0x0000000100000000)
  region size 1024K, 103 young (105472K), 12 survivors (12288K)
 Metaspace       used 95930K, committed 96640K, reserved 1179648K
  class space    used 14077K, committed 14400K, reserved 1048576K
}
Event: 30.426 GC heap after
{Heap after GC invocations=27 (full 0):
 garbage-first heap   total 219136K, used 81305K [0x0000000082c00000, 0x0000000100000000)
  region size 1024K, 12 young (12288K), 12 survivors (12288K)
 Metaspace       used 95930K, committed 96640K, reserved 1179648K
  class space    used 14077K, committed 14400K, reserved 1048576K
}

